2024-06-28 22:19:47.239 | INFO     | __main__:main:187 - Trying to connect to 172.17.0.1:2000
2024-06-28 22:19:48.850 | INFO     | __main__:main:199 - Connect to 172.17.0.1:2000 successfully.
2024-06-28 22:19:49.441 | DEBUG    | carla_bridge.core.carla_spawn_objects:setup_sensors:144 - sensor: {'type': 'sensor.pseudo.traffic_lights', 'id': 'traffic_lights'}, attach: None
2024-06-28 22:19:49.441 | INFO     | carla_bridge.core.carla_spawn_objects:setup_vehicles:118 - Spawn point selected at random
2024-06-28 22:19:49.457 | INFO     | carla_bridge.core.actor_factory:_create_object:365 - Created Static(id=196)
2024-06-28 22:19:49.473 | INFO     | carla_bridge.core.actor_factory:_create_object:365 - Created Static(id=195)
2024-06-28 22:19:49.473 | INFO     | carla_bridge.core.actor_factory:_create_object:365 - Created Static(id=194)
2024-06-28 22:19:49.490 | INFO     | carla_bridge.core.actor_factory:_create_object:365 - Created Static(id=193)
2024-06-28 22:19:49.490 | INFO     | carla_bridge.core.actor_factory:_create_object:365 - Created Static(id=192)
2024-06-28 22:19:49.514 | INFO     | carla_bridge.core.actor_factory:_create_object:365 - Created Static(id=191)
2024-06-28 22:19:49.530 | INFO     | carla_bridge.core.actor_factory:_create_object:365 - Created Static(id=190)
2024-06-28 22:19:49.532 | INFO     | carla_bridge.core.actor_factory:_create_object:365 - Created Static(id=189)
2024-06-28 22:19:49.538 | INFO     | carla_bridge.core.actor_factory:_create_object:365 - Created Static(id=188)
2024-06-28 22:19:49.543 | INFO     | carla_bridge.core.actor_factory:_create_object:365 - Created Static(id=187)
2024-06-28 22:19:49.561 | INFO     | carla_bridge.core.actor_factory:_create_object:365 - Created Static(id=186)
2024-06-28 22:19:49.567 | INFO     | carla_bridge.core.actor_factory:_create_object:365 - Created Static(id=185)
2024-06-28 22:19:49.588 | INFO     | carla_bridge.core.actor_factory:_create_object:365 - Created Static(id=184)
2024-06-28 22:19:49.609 | INFO     | carla_bridge.core.actor_factory:_create_object:365 - Created Static(id=183)
2024-06-28 22:19:49.622 | INFO     | carla_bridge.core.actor_factory:_create_object:365 - Created Static(id=182)
2024-06-28 22:19:49.627 | INFO     | carla_bridge.core.actor_factory:_create_object:365 - Created Static(id=181)
2024-06-28 22:19:49.660 | INFO     | carla_bridge.core.actor_factory:_create_object:365 - Created Static(id=180)
2024-06-28 22:19:49.671 | INFO     | carla_bridge.core.actor_factory:_create_object:365 - Created Static(id=179)
2024-06-28 22:19:49.702 | INFO     | carla_bridge.core.actor_factory:_create_object:365 - Created Static(id=178)
2024-06-28 22:19:49.712 | INFO     | carla_bridge.core.actor_factory:_create_object:365 - Created Static(id=177)
2024-06-28 22:19:49.723 | INFO     | carla_bridge.core.actor_factory:_create_object:365 - Created Static(id=176)
2024-06-28 22:19:49.739 | INFO     | carla_bridge.core.actor_factory:_create_object:365 - Created Static(id=175)
2024-06-28 22:19:49.745 | INFO     | carla_bridge.core.actor_factory:_create_object:365 - Created Static(id=174)
2024-06-28 22:19:49.755 | INFO     | carla_bridge.core.actor_factory:_create_object:365 - Created Static(id=173)
2024-06-28 22:19:49.761 | INFO     | carla_bridge.core.actor_factory:_create_object:365 - Created Static(id=172)
2024-06-28 22:19:49.767 | INFO     | carla_bridge.core.actor_factory:_create_object:365 - Created Static(id=171)
2024-06-28 22:19:49.788 | INFO     | carla_bridge.core.actor_factory:_create_object:365 - Created Static(id=170)
2024-06-28 22:19:49.803 | INFO     | carla_bridge.core.actor_factory:_create_object:365 - Created Static(id=169)
2024-06-28 22:19:49.809 | INFO     | carla_bridge.core.actor_factory:_create_object:365 - Created Static(id=168)
2024-06-28 22:19:49.814 | INFO     | carla_bridge.core.actor_factory:_create_object:365 - Created Static(id=167)
2024-06-28 22:19:49.830 | INFO     | carla_bridge.core.actor_factory:_create_object:365 - Created Static(id=166)
2024-06-28 22:19:49.843 | INFO     | carla_bridge.core.actor_factory:_create_object:365 - Created Static(id=165)
2024-06-28 22:19:49.860 | INFO     | carla_bridge.core.actor_factory:_create_object:365 - Created Static(id=164)
2024-06-28 22:19:49.882 | INFO     | carla_bridge.core.actor_factory:_create_object:365 - Created Static(id=163)
2024-06-28 22:19:49.892 | INFO     | carla_bridge.core.actor_factory:_create_object:365 - Created Static(id=162)
2024-06-28 22:19:49.900 | INFO     | carla_bridge.core.actor_factory:_create_object:365 - Created Static(id=161)
2024-06-28 22:19:49.906 | INFO     | carla_bridge.core.actor_factory:_create_object:365 - Created Static(id=160)
2024-06-28 22:19:49.906 | INFO     | carla_bridge.core.actor_factory:_create_object:365 - Created Static(id=159)
2024-06-28 22:19:49.924 | INFO     | carla_bridge.core.actor_factory:_create_object:365 - Created Static(id=158)
2024-06-28 22:19:49.929 | INFO     | carla_bridge.core.actor_factory:_create_object:365 - Created Static(id=157)
2024-06-28 22:19:49.942 | INFO     | carla_bridge.core.actor_factory:_create_object:365 - Created Static(id=156)
2024-06-28 22:19:49.952 | INFO     | carla_bridge.core.actor_factory:_create_object:365 - Created Static(id=155)
2024-06-28 22:19:49.960 | INFO     | carla_bridge.core.actor_factory:_create_object:365 - Created Static(id=154)
2024-06-28 22:19:49.965 | INFO     | carla_bridge.core.actor_factory:_create_object:365 - Created Static(id=153)
2024-06-28 22:19:49.990 | INFO     | carla_bridge.core.actor_factory:_create_object:365 - Created Static(id=152)
2024-06-28 22:19:50.003 | INFO     | carla_bridge.core.actor_factory:_create_object:365 - Created Static(id=151)
2024-06-28 22:19:50.019 | INFO     | carla_bridge.core.actor_factory:_create_object:365 - Created Static(id=150)
2024-06-28 22:19:50.029 | INFO     | carla_bridge.core.actor_factory:_create_object:365 - Created Static(id=149)
2024-06-28 22:19:50.042 | INFO     | carla_bridge.core.actor_factory:_create_object:365 - Created Static(id=148)
2024-06-28 22:19:50.060 | INFO     | carla_bridge.core.actor_factory:_create_object:365 - Created Static(id=147)
2024-06-28 22:19:50.072 | INFO     | carla_bridge.core.actor_factory:_create_object:365 - Created Static(id=146)
2024-06-28 22:19:50.085 | INFO     | carla_bridge.core.actor_factory:_create_object:365 - Created Static(id=145)
2024-06-28 22:19:50.096 | INFO     | carla_bridge.core.actor_factory:_create_object:365 - Created Static(id=144)
2024-06-28 22:19:50.129 | INFO     | carla_bridge.core.actor_factory:_create_object:365 - Created Static(id=143)
2024-06-28 22:19:50.140 | INFO     | carla_bridge.core.actor_factory:_create_object:365 - Created Static(id=142)
2024-06-28 22:19:50.156 | INFO     | carla_bridge.core.actor_factory:_create_object:365 - Created Static(id=141)
2024-06-28 22:19:50.169 | INFO     | carla_bridge.core.actor_factory:_create_object:365 - Created Static(id=140)
2024-06-28 22:19:50.182 | INFO     | carla_bridge.core.actor_factory:_create_object:365 - Created Static(id=139)
2024-06-28 22:19:50.212 | INFO     | carla_bridge.core.actor_factory:_create_object:365 - Created Static(id=138)
2024-06-28 22:19:50.222 | INFO     | carla_bridge.core.actor_factory:_create_object:365 - Created Static(id=137)
2024-06-28 22:19:50.245 | INFO     | carla_bridge.core.actor_factory:_create_object:365 - Created Static(id=136)
2024-06-28 22:19:50.270 | INFO     | carla_bridge.core.actor_factory:_create_object:365 - Created Static(id=135)
2024-06-28 22:19:50.276 | INFO     | carla_bridge.core.actor_factory:_create_object:365 - Created Static(id=134)
2024-06-28 22:19:50.281 | INFO     | carla_bridge.core.actor_factory:_create_object:365 - Created Static(id=133)
2024-06-28 22:19:50.292 | INFO     | carla_bridge.core.actor_factory:_create_object:365 - Created Static(id=132)
2024-06-28 22:19:50.297 | INFO     | carla_bridge.core.actor_factory:_create_object:365 - Created Static(id=131)
2024-06-28 22:19:50.303 | INFO     | carla_bridge.core.actor_factory:_create_object:365 - Created Static(id=130)
2024-06-28 22:19:50.318 | INFO     | carla_bridge.core.actor_factory:_create_object:365 - Created Static(id=129)
2024-06-28 22:19:50.329 | INFO     | carla_bridge.core.actor_factory:_create_object:365 - Created Static(id=128)
2024-06-28 22:19:50.329 | INFO     | carla_bridge.core.actor_factory:_create_object:365 - Created Static(id=127)
2024-06-28 22:19:50.359 | INFO     | carla_bridge.core.actor_factory:_create_object:365 - Created Static(id=126)
2024-06-28 22:19:50.370 | INFO     | carla_bridge.core.actor_factory:_create_object:365 - Created Static(id=125)
2024-06-28 22:19:50.383 | INFO     | carla_bridge.core.actor_factory:_create_object:365 - Created Static(id=124)
2024-06-28 22:19:50.406 | INFO     | carla_bridge.core.actor_factory:_create_object:365 - Created Static(id=123)
2024-06-28 22:19:50.419 | INFO     | carla_bridge.core.actor_factory:_create_object:365 - Created Static(id=122)
2024-06-28 22:19:50.424 | INFO     | carla_bridge.core.actor_factory:_create_object:365 - Created Static(id=121)
2024-06-28 22:19:50.445 | INFO     | carla_bridge.core.actor_factory:_create_object:365 - Created Static(id=120)
2024-06-28 22:19:50.456 | INFO     | carla_bridge.core.actor_factory:_create_object:365 - Created Static(id=119)
2024-06-28 22:19:50.461 | INFO     | carla_bridge.core.actor_factory:_create_object:365 - Created Static(id=118)
2024-06-28 22:19:50.474 | INFO     | carla_bridge.core.actor_factory:_create_object:365 - Created Static(id=117)
2024-06-28 22:19:50.492 | INFO     | carla_bridge.core.actor_factory:_create_object:365 - Created Static(id=116)
2024-06-28 22:19:50.515 | INFO     | carla_bridge.core.actor_factory:_create_object:365 - Created Static(id=115)
2024-06-28 22:19:50.527 | INFO     | carla_bridge.core.actor_factory:_create_object:365 - Created Static(id=114)
2024-06-28 22:19:50.547 | INFO     | carla_bridge.core.actor_factory:_create_object:365 - Created Static(id=113)
2024-06-28 22:19:50.565 | INFO     | carla_bridge.core.actor_factory:_create_object:365 - Created Static(id=112)
2024-06-28 22:19:50.575 | INFO     | carla_bridge.core.actor_factory:_create_object:365 - Created Static(id=111)
2024-06-28 22:19:50.590 | INFO     | carla_bridge.core.actor_factory:_create_object:365 - Created Static(id=110)
2024-06-28 22:19:50.621 | INFO     | carla_bridge.core.actor_factory:_create_object:365 - Created Static(id=109)
2024-06-28 22:19:50.637 | INFO     | carla_bridge.core.actor_factory:_create_object:365 - Created Static(id=108)
2024-06-28 22:19:50.638 | INFO     | carla_bridge.core.actor_factory:_create_object:365 - Created Static(id=107)
2024-06-28 22:19:50.638 | INFO     | carla_bridge.core.actor_factory:_create_object:365 - Created Static(id=106)
2024-06-28 22:19:50.659 | INFO     | carla_bridge.core.actor_factory:_create_object:365 - Created Static(id=105)
2024-06-28 22:19:50.688 | INFO     | carla_bridge.core.actor_factory:_create_object:365 - Created Static(id=104)
2024-06-28 22:19:50.698 | INFO     | carla_bridge.core.actor_factory:_create_object:365 - Created Static(id=103)
2024-06-28 22:19:50.704 | INFO     | carla_bridge.core.actor_factory:_create_object:365 - Created Static(id=102)
2024-06-28 22:19:50.709 | INFO     | carla_bridge.core.actor_factory:_create_object:365 - Created Static(id=101)
2024-06-28 22:19:50.727 | INFO     | carla_bridge.core.actor_factory:_create_object:365 - Created Static(id=100)
2024-06-28 22:19:50.743 | INFO     | carla_bridge.core.actor_factory:_create_object:365 - Created Static(id=99)
2024-06-28 22:19:50.753 | INFO     | carla_bridge.core.actor_factory:_create_object:365 - Created Static(id=98)
2024-06-28 22:19:50.771 | INFO     | carla_bridge.core.actor_factory:_create_object:365 - Created Static(id=97)
2024-06-28 22:19:50.782 | INFO     | carla_bridge.core.actor_factory:_create_object:365 - Created Static(id=96)
2024-06-28 22:19:50.787 | INFO     | carla_bridge.core.actor_factory:_create_object:365 - Created Static(id=95)
2024-06-28 22:19:50.793 | INFO     | carla_bridge.core.actor_factory:_create_object:365 - Created Static(id=94)
2024-06-28 22:19:50.804 | INFO     | carla_bridge.core.actor_factory:_create_object:365 - Created Static(id=93)
2024-06-28 22:19:50.830 | INFO     | carla_bridge.core.actor_factory:_create_object:365 - Created Static(id=92)
2024-06-28 22:19:50.847 | INFO     | carla_bridge.core.actor_factory:_create_object:365 - Created Static(id=91)
2024-06-28 22:19:50.853 | INFO     | carla_bridge.core.actor_factory:_create_object:365 - Created Static(id=90)
2024-06-28 22:19:50.864 | INFO     | carla_bridge.core.actor_factory:_create_object:365 - Created Static(id=89)
2024-06-28 22:19:50.869 | INFO     | carla_bridge.core.actor_factory:_create_object:365 - Created Static(id=88)
2024-06-28 22:19:50.875 | INFO     | carla_bridge.core.actor_factory:_create_object:365 - Created Static(id=87)
2024-06-28 22:19:50.893 | INFO     | carla_bridge.core.actor_factory:_create_object:365 - Created Static(id=86)
2024-06-28 22:19:50.893 | INFO     | carla_bridge.core.actor_factory:_create_object:365 - Created Static(id=85)
2024-06-28 22:19:50.893 | INFO     | carla_bridge.core.actor_factory:_create_object:365 - Created Static(id=84)
2024-06-28 22:19:50.904 | INFO     | carla_bridge.core.actor_factory:_create_object:365 - Created Static(id=83)
2024-06-28 22:19:50.922 | INFO     | carla_bridge.core.actor_factory:_create_object:365 - Created Static(id=82)
2024-06-28 22:19:50.922 | INFO     | carla_bridge.core.actor_factory:_create_object:365 - Created Traffic(id=81)
2024-06-28 22:19:50.948 | INFO     | carla_bridge.core.actor_factory:_create_object:365 - Created Traffic(id=80)
2024-06-28 22:19:50.960 | INFO     | carla_bridge.core.actor_factory:_create_object:365 - Created Traffic(id=79)
2024-06-28 22:19:50.973 | INFO     | carla_bridge.core.actor_factory:_create_object:365 - Created Traffic(id=78)
2024-06-28 22:19:50.983 | INFO     | carla_bridge.core.actor_factory:_create_object:365 - Created Traffic(id=77)
2024-06-28 22:19:50.994 | INFO     | carla_bridge.core.actor_factory:_create_object:365 - Created Traffic(id=76)
2024-06-28 22:19:51.019 | INFO     | carla_bridge.core.actor_factory:_create_object:365 - Created Traffic(id=75)
2024-06-28 22:19:51.046 | INFO     | carla_bridge.core.actor_factory:_create_object:365 - Created Traffic(id=74)
2024-06-28 22:19:51.072 | INFO     | carla_bridge.core.actor_factory:_create_object:365 - Created Traffic(id=73)
2024-06-28 22:19:51.094 | INFO     | carla_bridge.core.actor_factory:_create_object:365 - Created Traffic(id=72)
2024-06-28 22:19:51.100 | INFO     | carla_bridge.core.actor_factory:_create_object:365 - Created Traffic(id=71)
2024-06-28 22:19:51.115 | INFO     | carla_bridge.core.actor_factory:_create_object:365 - Created Traffic(id=70)
2024-06-28 22:19:51.116 | INFO     | carla_bridge.core.actor_factory:_create_object:365 - Created Traffic(id=69)
2024-06-28 22:19:51.136 | INFO     | carla_bridge.core.actor_factory:_create_object:365 - Created Traffic(id=68)
2024-06-28 22:19:51.144 | INFO     | carla_bridge.core.actor_factory:_create_object:365 - Created Traffic(id=67)
2024-06-28 22:19:51.159 | INFO     | carla_bridge.core.actor_factory:_create_object:365 - Created Traffic(id=66)
2024-06-28 22:19:51.165 | INFO     | carla_bridge.core.actor_factory:_create_object:365 - Created Traffic(id=65)
2024-06-28 22:19:51.183 | INFO     | carla_bridge.core.actor_factory:_create_object:365 - Created Traffic(id=64)
2024-06-28 22:19:51.206 | INFO     | carla_bridge.core.actor_factory:_create_object:365 - Created Traffic(id=63)
2024-06-28 22:19:51.221 | INFO     | carla_bridge.core.actor_factory:_create_object:365 - Created Traffic(id=62)
2024-06-28 22:19:51.232 | INFO     | carla_bridge.core.actor_factory:_create_object:365 - Created Traffic(id=61)
2024-06-28 22:19:51.253 | INFO     | carla_bridge.core.actor_factory:_create_object:365 - Created TrafficLight(id=60)
2024-06-28 22:19:51.268 | INFO     | carla_bridge.core.actor_factory:_create_object:365 - Created TrafficLight(id=59)
2024-06-28 22:19:51.269 | INFO     | carla_bridge.core.actor_factory:_create_object:365 - Created TrafficLight(id=58)
2024-06-28 22:19:51.293 | INFO     | carla_bridge.core.actor_factory:_create_object:365 - Created TrafficLight(id=57)
2024-06-28 22:19:51.306 | INFO     | carla_bridge.core.actor_factory:_create_object:365 - Created TrafficLight(id=56)
2024-06-28 22:19:51.321 | INFO     | carla_bridge.core.actor_factory:_create_object:365 - Created TrafficLight(id=55)
2024-06-28 22:19:51.349 | INFO     | carla_bridge.core.actor_factory:_create_object:365 - Created TrafficLight(id=54)
2024-06-28 22:19:51.367 | INFO     | carla_bridge.core.actor_factory:_create_object:365 - Created TrafficLight(id=53)
2024-06-28 22:19:51.390 | INFO     | carla_bridge.core.actor_factory:_create_object:365 - Created TrafficLight(id=52)
2024-06-28 22:19:51.390 | INFO     | carla_bridge.core.actor_factory:_create_object:365 - Created TrafficLight(id=51)
2024-06-28 22:19:51.401 | INFO     | carla_bridge.core.actor_factory:_create_object:365 - Created TrafficLight(id=50)
2024-06-28 22:19:51.432 | INFO     | carla_bridge.core.actor_factory:_create_object:365 - Created TrafficLight(id=49)
2024-06-28 22:19:51.452 | INFO     | carla_bridge.core.actor_factory:_create_object:365 - Created TrafficLight(id=48)
2024-06-28 22:19:51.475 | INFO     | carla_bridge.core.actor_factory:_create_object:365 - Created TrafficLight(id=47)
2024-06-28 22:19:51.498 | INFO     | carla_bridge.core.actor_factory:_create_object:365 - Created TrafficLight(id=46)
2024-06-28 22:19:51.504 | INFO     | carla_bridge.core.actor_factory:_create_object:365 - Created TrafficLight(id=45)
2024-06-28 22:19:51.514 | INFO     | carla_bridge.core.actor_factory:_create_object:365 - Created TrafficLight(id=44)
2024-06-28 22:19:51.530 | INFO     | carla_bridge.core.actor_factory:_create_object:365 - Created TrafficLight(id=43)
2024-06-28 22:19:51.530 | INFO     | carla_bridge.core.actor_factory:_create_object:365 - Created TrafficLight(id=42)
2024-06-28 22:19:51.548 | INFO     | carla_bridge.core.actor_factory:_create_object:365 - Created TrafficLight(id=41)
2024-06-28 22:19:51.558 | INFO     | carla_bridge.core.actor_factory:_create_object:365 - Created TrafficLight(id=40)
2024-06-28 22:19:51.573 | INFO     | carla_bridge.core.actor_factory:_create_object:365 - Created TrafficLight(id=39)
2024-06-28 22:19:51.573 | INFO     | carla_bridge.core.actor_factory:_create_object:365 - Created TrafficLight(id=38)
2024-06-28 22:19:51.574 | INFO     | carla_bridge.core.actor_factory:_create_object:365 - Created TrafficLight(id=37)
2024-06-28 22:19:51.574 | INFO     | carla_bridge.core.actor_factory:_create_object:365 - Created TrafficLight(id=36)
2024-06-28 22:19:51.574 | INFO     | carla_bridge.core.actor_factory:_create_object:365 - Created TrafficLight(id=35)
2024-06-28 22:19:51.574 | INFO     | carla_bridge.core.actor_factory:_create_object:365 - Created TrafficLight(id=34)
2024-06-28 22:19:51.574 | INFO     | carla_bridge.core.actor_factory:_create_object:365 - Created TrafficLight(id=33)
2024-06-28 22:19:51.575 | INFO     | carla_bridge.core.actor_factory:_create_object:365 - Created TrafficLight(id=32)
2024-06-28 22:19:51.575 | INFO     | carla_bridge.core.actor_factory:_create_object:365 - Created TrafficLight(id=31)
2024-06-28 22:19:51.575 | INFO     | carla_bridge.core.actor_factory:_create_object:365 - Created TrafficLight(id=30)
2024-06-28 22:19:51.575 | INFO     | carla_bridge.core.actor_factory:_create_object:365 - Created TrafficLight(id=29)
2024-06-28 22:19:51.576 | INFO     | carla_bridge.core.actor_factory:_create_object:365 - Created TrafficLight(id=28)
2024-06-28 22:19:51.576 | INFO     | carla_bridge.core.actor_factory:_create_object:365 - Created TrafficLight(id=27)
2024-06-28 22:19:51.576 | INFO     | carla_bridge.core.actor_factory:_create_object:365 - Created TrafficLight(id=26)
2024-06-28 22:19:51.583 | INFO     | carla_bridge.core.actor_factory:_create_object:365 - Created TrafficLight(id=25)
2024-06-28 22:19:51.583 | INFO     | carla_bridge.core.actor_factory:_create_object:365 - Created Spectator(id=24)
2024-06-28 22:19:51.584 | INFO     | carla_bridge.core.actor_factory:_create_object:365 - Created TrafficLightsSensor(id=10000)
2024-06-28 22:19:51.586 | INFO     | carla_bridge.core.actor_factory:_create_object:365 - Created EgoVehicle(id=197)
2024-06-28 22:19:51.586 | DEBUG    | carla_bridge.core.carla_spawn_objects:setup_sensors:144 - sensor: {'type': 'sensor.camera.rgb', 'id': 'front_6mm', 'spawn_point': {'x': 2.0, 'y': 0.0, 'z': 2.0, 'roll': 0.0, 'pitch': 0.0, 'yaw': 0.0}, 'image_size_x': 800, 'image_size_y': 600, 'fov': 90.0, 'fstop': 8.0}, attach: 197
2024-06-28 22:19:51.597 | DEBUG    | carla_bridge.core.carla_spawn_objects:setup_sensors:144 - sensor: {'type': 'sensor.camera.rgb', 'id': 'front_12mm', 'spawn_point': {'x': 2.5, 'y': 0.0, 'z': 2.8, 'roll': 0.0, 'pitch': 0.0, 'yaw': 0.0}, 'image_size_x': 800, 'image_size_y': 600, 'focal_distance': 2000, 'fov': 90.0, 'fstop': 8.0}, attach: 197
2024-06-28 22:19:51.606 | DEBUG    | carla_bridge.core.carla_spawn_objects:setup_sensors:144 - sensor: {'type': 'sensor.lidar.ray_cast', 'id': 'lidar128', 'spawn_point': {'x': 0.0, 'y': 0.0, 'z': 2.4, 'roll': 0.0, 'pitch': 0.0, 'yaw': 0.0}, 'range': 50, 'channels': 128, 'points_per_second': 320000, 'upper_fov': 2.0, 'lower_fov': -26.8, 'rotation_frequency': 20, 'noise_stddev': 0.0}, attach: 197
2024-06-28 22:19:51.607 | DEBUG    | carla_bridge.core.carla_spawn_objects:setup_sensors:144 - sensor: {'type': 'sensor.other.radar', 'id': 'radar/front', 'spawn_point': {'x': 2.0, 'y': 0.0, 'z': 2.0, 'roll': 0.0, 'pitch': 0.0, 'yaw': 0.0}, 'horizontal_fov': 30.0, 'vertical_fov': 10.0, 'points_per_second': 1500, 'range': 100.0}, attach: 197
2024-06-28 22:19:51.608 | DEBUG    | carla_bridge.core.carla_spawn_objects:setup_sensors:144 - sensor: {'type': 'sensor.other.gnss', 'id': 'gnss', 'spawn_point': {'x': 1.0, 'y': 0.0, 'z': 2.0}, 'noise_alt_stddev': 0.0, 'noise_lat_stddev': 0.0, 'noise_lon_stddev': 0.0, 'noise_alt_bias': 0.0, 'noise_lat_bias': 0.0, 'noise_lon_bias': 0.0}, attach: 197
2024-06-28 22:19:51.609 | DEBUG    | carla_bridge.core.carla_spawn_objects:setup_sensors:144 - sensor: {'type': 'sensor.other.imu', 'id': 'gnss/imu', 'spawn_point': {'x': 2.0, 'y': 0.0, 'z': 2.0, 'roll': 0.0, 'pitch': 0.0, 'yaw': 0.0}, 'noise_accel_stddev_x': 0.0, 'noise_accel_stddev_y': 0.0, 'noise_accel_stddev_z': 0.0, 'noise_gyro_stddev_x': 0.0, 'noise_gyro_stddev_y': 0.0, 'noise_gyro_stddev_z': 0.0, 'noise_gyro_bias_x': 0.0, 'noise_gyro_bias_y': 0.0, 'noise_gyro_bias_z': 0.0}, attach: 197
2024-06-28 22:19:51.609 | DEBUG    | carla_bridge.core.carla_spawn_objects:setup_sensors:144 - sensor: {'type': 'sensor.pseudo.objects', 'id': 'obstacles'}, attach: 197
2024-06-28 22:19:51.609 | INFO     | carla_bridge.core.carla_spawn_objects:spawn_objects:88 - All objects spawned.
2024-06-28 22:19:51.625 | INFO     | carla_bridge.core.actor_factory:_create_object:365 - Created RgbCamera(id=198)
2024-06-28 22:19:51.626 | INFO     | carla_bridge.core.actor_factory:_create_object:365 - Created RgbCamera(id=199)
2024-06-28 22:19:51.627 | INFO     | carla_bridge.core.actor_factory:_create_object:365 - Created Lidar(id=200)
2024-06-28 22:19:51.628 | INFO     | carla_bridge.core.actor_factory:_create_object:365 - Created Radar(id=201)
2024-06-28 22:19:51.630 | INFO     | carla_bridge.core.actor_factory:_create_object:365 - Created Gnss(id=202)
2024-06-28 22:19:51.631 | INFO     | carla_bridge.core.actor_factory:_create_object:365 - Created ImuSensor(id=203)
2024-06-28 22:19:51.632 | INFO     | carla_bridge.core.actor_factory:_create_object:365 - Created ObjectSensor(id=10001)
2024-06-28 23:51:16.010 | INFO     | __main__:main:187 - Trying to connect to 172.17.0.1:2000
2024-06-28 23:51:17.596 | INFO     | __main__:main:199 - Connect to 172.17.0.1:2000 successfully.
2024-06-28 23:51:18.160 | DEBUG    | carla_bridge.core.carla_spawn_objects:setup_sensors:144 - sensor: {'type': 'sensor.pseudo.traffic_lights', 'id': 'traffic_lights'}, attach: None
2024-06-28 23:51:18.161 | INFO     | carla_bridge.core.carla_spawn_objects:setup_vehicles:118 - Spawn point selected at random
2024-06-28 23:51:18.171 | INFO     | carla_bridge.core.actor_factory:_create_object:365 - Created Static(id=196)
2024-06-28 23:51:18.194 | INFO     | carla_bridge.core.actor_factory:_create_object:365 - Created Static(id=195)
2024-06-28 23:51:18.210 | INFO     | carla_bridge.core.actor_factory:_create_object:365 - Created Static(id=194)
2024-06-28 23:51:18.215 | INFO     | carla_bridge.core.actor_factory:_create_object:365 - Created Static(id=193)
2024-06-28 23:51:18.221 | INFO     | carla_bridge.core.actor_factory:_create_object:365 - Created Static(id=192)
2024-06-28 23:51:18.228 | INFO     | carla_bridge.core.actor_factory:_create_object:365 - Created Static(id=191)
2024-06-28 23:51:18.234 | INFO     | carla_bridge.core.actor_factory:_create_object:365 - Created Static(id=190)
2024-06-28 23:51:18.239 | INFO     | carla_bridge.core.actor_factory:_create_object:365 - Created Static(id=189)
2024-06-28 23:51:18.240 | INFO     | carla_bridge.core.actor_factory:_create_object:365 - Created Static(id=188)
2024-06-28 23:51:18.255 | INFO     | carla_bridge.core.actor_factory:_create_object:365 - Created Static(id=187)
2024-06-28 23:51:18.256 | INFO     | carla_bridge.core.actor_factory:_create_object:365 - Created Static(id=186)
2024-06-28 23:51:18.271 | INFO     | carla_bridge.core.actor_factory:_create_object:365 - Created Static(id=185)
2024-06-28 23:51:18.292 | INFO     | carla_bridge.core.actor_factory:_create_object:365 - Created Static(id=184)
2024-06-28 23:51:18.297 | INFO     | carla_bridge.core.actor_factory:_create_object:365 - Created Static(id=183)
2024-06-28 23:51:18.324 | INFO     | carla_bridge.core.actor_factory:_create_object:365 - Created Static(id=182)
2024-06-28 23:51:18.334 | INFO     | carla_bridge.core.actor_factory:_create_object:365 - Created Static(id=181)
2024-06-28 23:51:18.350 | INFO     | carla_bridge.core.actor_factory:_create_object:365 - Created Static(id=180)
2024-06-28 23:51:18.350 | INFO     | carla_bridge.core.actor_factory:_create_object:365 - Created Static(id=179)
2024-06-28 23:51:18.361 | INFO     | carla_bridge.core.actor_factory:_create_object:365 - Created Static(id=178)
2024-06-28 23:51:18.366 | INFO     | carla_bridge.core.actor_factory:_create_object:365 - Created Static(id=177)
2024-06-28 23:51:18.379 | INFO     | carla_bridge.core.actor_factory:_create_object:365 - Created Static(id=176)
2024-06-28 23:51:18.389 | INFO     | carla_bridge.core.actor_factory:_create_object:365 - Created Static(id=175)
2024-06-28 23:51:18.412 | INFO     | carla_bridge.core.actor_factory:_create_object:365 - Created Static(id=174)
2024-06-28 23:51:18.425 | INFO     | carla_bridge.core.actor_factory:_create_object:365 - Created Static(id=173)
2024-06-28 23:51:18.445 | INFO     | carla_bridge.core.actor_factory:_create_object:365 - Created Static(id=172)
2024-06-28 23:51:18.463 | INFO     | carla_bridge.core.actor_factory:_create_object:365 - Created Static(id=171)
2024-06-28 23:51:18.504 | INFO     | carla_bridge.core.actor_factory:_create_object:365 - Created Static(id=170)
2024-06-28 23:51:18.520 | INFO     | carla_bridge.core.actor_factory:_create_object:365 - Created Static(id=169)
2024-06-28 23:51:18.535 | INFO     | carla_bridge.core.actor_factory:_create_object:365 - Created Static(id=168)
2024-06-28 23:51:18.558 | INFO     | carla_bridge.core.actor_factory:_create_object:365 - Created Static(id=167)
2024-06-28 23:51:18.579 | INFO     | carla_bridge.core.actor_factory:_create_object:365 - Created Static(id=166)
2024-06-28 23:51:18.597 | INFO     | carla_bridge.core.actor_factory:_create_object:365 - Created Static(id=165)
2024-06-28 23:51:18.597 | INFO     | carla_bridge.core.actor_factory:_create_object:365 - Created Static(id=164)
2024-06-28 23:51:18.597 | INFO     | carla_bridge.core.actor_factory:_create_object:365 - Created Static(id=163)
2024-06-28 23:51:18.604 | INFO     | carla_bridge.core.actor_factory:_create_object:365 - Created Static(id=162)
2024-06-28 23:51:18.604 | INFO     | carla_bridge.core.actor_factory:_create_object:365 - Created Static(id=161)
2024-06-28 23:51:18.604 | INFO     | carla_bridge.core.actor_factory:_create_object:365 - Created Static(id=160)
2024-06-28 23:51:18.611 | INFO     | carla_bridge.core.actor_factory:_create_object:365 - Created Static(id=159)
2024-06-28 23:51:18.611 | INFO     | carla_bridge.core.actor_factory:_create_object:365 - Created Static(id=158)
2024-06-28 23:51:18.627 | INFO     | carla_bridge.core.actor_factory:_create_object:365 - Created Static(id=157)
2024-06-28 23:51:18.627 | INFO     | carla_bridge.core.actor_factory:_create_object:365 - Created Static(id=156)
2024-06-28 23:51:18.649 | INFO     | carla_bridge.core.actor_factory:_create_object:365 - Created Static(id=155)
2024-06-28 23:51:18.661 | INFO     | carla_bridge.core.actor_factory:_create_object:365 - Created Static(id=154)
2024-06-28 23:51:18.672 | INFO     | carla_bridge.core.actor_factory:_create_object:365 - Created Static(id=153)
2024-06-28 23:51:18.695 | INFO     | carla_bridge.core.actor_factory:_create_object:365 - Created Static(id=152)
2024-06-28 23:51:18.712 | INFO     | carla_bridge.core.actor_factory:_create_object:365 - Created Static(id=151)
2024-06-28 23:51:18.718 | INFO     | carla_bridge.core.actor_factory:_create_object:365 - Created Static(id=150)
2024-06-28 23:51:18.746 | INFO     | carla_bridge.core.actor_factory:_create_object:365 - Created Static(id=149)
2024-06-28 23:51:18.759 | INFO     | carla_bridge.core.actor_factory:_create_object:365 - Created Static(id=148)
2024-06-28 23:51:18.769 | INFO     | carla_bridge.core.actor_factory:_create_object:365 - Created Static(id=147)
2024-06-28 23:51:18.782 | INFO     | carla_bridge.core.actor_factory:_create_object:365 - Created Static(id=146)
2024-06-28 23:51:18.800 | INFO     | carla_bridge.core.actor_factory:_create_object:365 - Created Static(id=145)
2024-06-28 23:51:18.818 | INFO     | carla_bridge.core.actor_factory:_create_object:365 - Created Static(id=144)
2024-06-28 23:51:18.823 | INFO     | carla_bridge.core.actor_factory:_create_object:365 - Created Static(id=143)
2024-06-28 23:51:18.846 | INFO     | carla_bridge.core.actor_factory:_create_object:365 - Created Static(id=142)
2024-06-28 23:51:18.856 | INFO     | carla_bridge.core.actor_factory:_create_object:365 - Created Static(id=141)
2024-06-28 23:51:18.873 | INFO     | carla_bridge.core.actor_factory:_create_object:365 - Created Static(id=140)
2024-06-28 23:51:18.874 | INFO     | carla_bridge.core.actor_factory:_create_object:365 - Created Static(id=139)
2024-06-28 23:51:18.874 | INFO     | carla_bridge.core.actor_factory:_create_object:365 - Created Static(id=138)
2024-06-28 23:51:18.875 | INFO     | carla_bridge.core.actor_factory:_create_object:365 - Created Static(id=137)
2024-06-28 23:51:18.875 | INFO     | carla_bridge.core.actor_factory:_create_object:365 - Created Static(id=136)
2024-06-28 23:51:18.875 | INFO     | carla_bridge.core.actor_factory:_create_object:365 - Created Static(id=135)
2024-06-28 23:51:18.876 | INFO     | carla_bridge.core.actor_factory:_create_object:365 - Created Static(id=134)
2024-06-28 23:51:18.876 | INFO     | carla_bridge.core.actor_factory:_create_object:365 - Created Static(id=133)
2024-06-28 23:51:18.876 | INFO     | carla_bridge.core.actor_factory:_create_object:365 - Created Static(id=132)
2024-06-28 23:51:18.876 | INFO     | carla_bridge.core.actor_factory:_create_object:365 - Created Static(id=131)
2024-06-28 23:51:18.877 | INFO     | carla_bridge.core.actor_factory:_create_object:365 - Created Static(id=130)
2024-06-28 23:51:18.877 | INFO     | carla_bridge.core.actor_factory:_create_object:365 - Created Static(id=129)
2024-06-28 23:51:18.878 | INFO     | carla_bridge.core.actor_factory:_create_object:365 - Created Static(id=128)
2024-06-28 23:51:18.885 | INFO     | carla_bridge.core.actor_factory:_create_object:365 - Created Static(id=127)
2024-06-28 23:51:18.891 | INFO     | carla_bridge.core.actor_factory:_create_object:365 - Created Static(id=126)
2024-06-28 23:51:18.891 | INFO     | carla_bridge.core.actor_factory:_create_object:365 - Created Static(id=125)
2024-06-28 23:51:18.897 | INFO     | carla_bridge.core.actor_factory:_create_object:365 - Created Static(id=124)
2024-06-28 23:51:18.920 | INFO     | carla_bridge.core.actor_factory:_create_object:365 - Created Static(id=123)
2024-06-28 23:51:18.942 | INFO     | carla_bridge.core.actor_factory:_create_object:365 - Created Static(id=122)
2024-06-28 23:51:18.953 | INFO     | carla_bridge.core.actor_factory:_create_object:365 - Created Static(id=121)
2024-06-28 23:51:18.971 | INFO     | carla_bridge.core.actor_factory:_create_object:365 - Created Static(id=120)
2024-06-28 23:51:18.976 | INFO     | carla_bridge.core.actor_factory:_create_object:365 - Created Static(id=119)
2024-06-28 23:51:18.982 | INFO     | carla_bridge.core.actor_factory:_create_object:365 - Created Static(id=118)
2024-06-28 23:51:18.992 | INFO     | carla_bridge.core.actor_factory:_create_object:365 - Created Static(id=117)
2024-06-28 23:51:19.010 | INFO     | carla_bridge.core.actor_factory:_create_object:365 - Created Static(id=116)
2024-06-28 23:51:19.033 | INFO     | carla_bridge.core.actor_factory:_create_object:365 - Created Static(id=115)
2024-06-28 23:51:19.044 | INFO     | carla_bridge.core.actor_factory:_create_object:365 - Created Static(id=114)
2024-06-28 23:51:19.049 | INFO     | carla_bridge.core.actor_factory:_create_object:365 - Created Static(id=113)
2024-06-28 23:51:19.049 | INFO     | carla_bridge.core.actor_factory:_create_object:365 - Created Static(id=112)
2024-06-28 23:51:19.060 | INFO     | carla_bridge.core.actor_factory:_create_object:365 - Created Static(id=111)
2024-06-28 23:51:19.071 | INFO     | carla_bridge.core.actor_factory:_create_object:365 - Created Static(id=110)
2024-06-28 23:51:19.076 | INFO     | carla_bridge.core.actor_factory:_create_object:365 - Created Static(id=109)
2024-06-28 23:51:19.087 | INFO     | carla_bridge.core.actor_factory:_create_object:365 - Created Static(id=108)
2024-06-28 23:51:19.098 | INFO     | carla_bridge.core.actor_factory:_create_object:365 - Created Static(id=107)
2024-06-28 23:51:19.108 | INFO     | carla_bridge.core.actor_factory:_create_object:365 - Created Static(id=106)
2024-06-28 23:51:19.124 | INFO     | carla_bridge.core.actor_factory:_create_object:365 - Created Static(id=105)
2024-06-28 23:51:19.147 | INFO     | carla_bridge.core.actor_factory:_create_object:365 - Created Static(id=104)
2024-06-28 23:51:19.147 | INFO     | carla_bridge.core.actor_factory:_create_object:365 - Created Static(id=103)
2024-06-28 23:51:19.147 | INFO     | carla_bridge.core.actor_factory:_create_object:365 - Created Static(id=102)
2024-06-28 23:51:19.148 | INFO     | carla_bridge.core.actor_factory:_create_object:365 - Created Static(id=101)
2024-06-28 23:51:19.148 | INFO     | carla_bridge.core.actor_factory:_create_object:365 - Created Static(id=100)
2024-06-28 23:51:19.148 | INFO     | carla_bridge.core.actor_factory:_create_object:365 - Created Static(id=99)
2024-06-28 23:51:19.148 | INFO     | carla_bridge.core.actor_factory:_create_object:365 - Created Static(id=98)
2024-06-28 23:51:19.148 | INFO     | carla_bridge.core.actor_factory:_create_object:365 - Created Static(id=97)
2024-06-28 23:51:19.148 | INFO     | carla_bridge.core.actor_factory:_create_object:365 - Created Static(id=96)
2024-06-28 23:51:19.149 | INFO     | carla_bridge.core.actor_factory:_create_object:365 - Created Static(id=95)
2024-06-28 23:51:19.149 | INFO     | carla_bridge.core.actor_factory:_create_object:365 - Created Static(id=94)
2024-06-28 23:51:19.149 | INFO     | carla_bridge.core.actor_factory:_create_object:365 - Created Static(id=93)
2024-06-28 23:51:19.149 | INFO     | carla_bridge.core.actor_factory:_create_object:365 - Created Static(id=92)
2024-06-28 23:51:19.149 | INFO     | carla_bridge.core.actor_factory:_create_object:365 - Created Static(id=91)
2024-06-28 23:51:19.150 | INFO     | carla_bridge.core.actor_factory:_create_object:365 - Created Static(id=90)
2024-06-28 23:51:19.150 | INFO     | carla_bridge.core.actor_factory:_create_object:365 - Created Static(id=89)
2024-06-28 23:51:19.150 | INFO     | carla_bridge.core.actor_factory:_create_object:365 - Created Static(id=88)
2024-06-28 23:51:19.150 | INFO     | carla_bridge.core.actor_factory:_create_object:365 - Created Static(id=87)
2024-06-28 23:51:19.150 | INFO     | carla_bridge.core.actor_factory:_create_object:365 - Created Static(id=86)
2024-06-28 23:51:19.150 | INFO     | carla_bridge.core.actor_factory:_create_object:365 - Created Static(id=85)
2024-06-28 23:51:19.151 | INFO     | carla_bridge.core.actor_factory:_create_object:365 - Created Static(id=84)
2024-06-28 23:51:19.179 | INFO     | carla_bridge.core.actor_factory:_create_object:365 - Created Static(id=83)
2024-06-28 23:51:19.198 | INFO     | carla_bridge.core.actor_factory:_create_object:365 - Created Static(id=82)
2024-06-28 23:51:19.213 | INFO     | carla_bridge.core.actor_factory:_create_object:365 - Created Traffic(id=81)
2024-06-28 23:51:19.239 | INFO     | carla_bridge.core.actor_factory:_create_object:365 - Created Traffic(id=80)
2024-06-28 23:51:19.250 | INFO     | carla_bridge.core.actor_factory:_create_object:365 - Created Traffic(id=79)
2024-06-28 23:51:19.270 | INFO     | carla_bridge.core.actor_factory:_create_object:365 - Created Traffic(id=78)
2024-06-28 23:51:19.276 | INFO     | carla_bridge.core.actor_factory:_create_object:365 - Created Traffic(id=77)
2024-06-28 23:51:19.287 | INFO     | carla_bridge.core.actor_factory:_create_object:365 - Created Traffic(id=76)
2024-06-28 23:51:19.292 | INFO     | carla_bridge.core.actor_factory:_create_object:365 - Created Traffic(id=75)
2024-06-28 23:51:19.313 | INFO     | carla_bridge.core.actor_factory:_create_object:365 - Created Traffic(id=74)
2024-06-28 23:51:19.314 | INFO     | carla_bridge.core.actor_factory:_create_object:365 - Created Traffic(id=73)
2024-06-28 23:51:19.324 | INFO     | carla_bridge.core.actor_factory:_create_object:365 - Created Traffic(id=72)
2024-06-28 23:51:19.359 | INFO     | carla_bridge.core.actor_factory:_create_object:365 - Created Traffic(id=71)
2024-06-28 23:51:19.365 | INFO     | carla_bridge.core.actor_factory:_create_object:365 - Created Traffic(id=70)
2024-06-28 23:51:19.375 | INFO     | carla_bridge.core.actor_factory:_create_object:365 - Created Traffic(id=69)
2024-06-28 23:51:19.376 | INFO     | carla_bridge.core.actor_factory:_create_object:365 - Created Traffic(id=68)
2024-06-28 23:51:19.376 | INFO     | carla_bridge.core.actor_factory:_create_object:365 - Created Traffic(id=67)
2024-06-28 23:51:19.376 | INFO     | carla_bridge.core.actor_factory:_create_object:365 - Created Traffic(id=66)
2024-06-28 23:51:19.376 | INFO     | carla_bridge.core.actor_factory:_create_object:365 - Created Traffic(id=65)
2024-06-28 23:51:19.402 | INFO     | carla_bridge.core.actor_factory:_create_object:365 - Created Traffic(id=64)
2024-06-28 23:51:19.413 | INFO     | carla_bridge.core.actor_factory:_create_object:365 - Created Traffic(id=63)
2024-06-28 23:51:19.427 | INFO     | carla_bridge.core.actor_factory:_create_object:365 - Created Traffic(id=62)
2024-06-28 23:51:19.435 | INFO     | carla_bridge.core.actor_factory:_create_object:365 - Created Traffic(id=61)
2024-06-28 23:51:19.440 | INFO     | carla_bridge.core.actor_factory:_create_object:365 - Created TrafficLight(id=60)
2024-06-28 23:51:19.446 | INFO     | carla_bridge.core.actor_factory:_create_object:365 - Created TrafficLight(id=59)
2024-06-28 23:51:19.471 | INFO     | carla_bridge.core.actor_factory:_create_object:365 - Created TrafficLight(id=58)
2024-06-28 23:51:19.481 | INFO     | carla_bridge.core.actor_factory:_create_object:365 - Created TrafficLight(id=57)
2024-06-28 23:51:19.497 | INFO     | carla_bridge.core.actor_factory:_create_object:365 - Created TrafficLight(id=56)
2024-06-28 23:51:19.508 | INFO     | carla_bridge.core.actor_factory:_create_object:365 - Created TrafficLight(id=55)
2024-06-28 23:51:19.518 | INFO     | carla_bridge.core.actor_factory:_create_object:365 - Created TrafficLight(id=54)
2024-06-28 23:51:19.519 | INFO     | carla_bridge.core.actor_factory:_create_object:365 - Created TrafficLight(id=53)
2024-06-28 23:51:19.519 | INFO     | carla_bridge.core.actor_factory:_create_object:365 - Created TrafficLight(id=52)
2024-06-28 23:51:19.536 | INFO     | carla_bridge.core.actor_factory:_create_object:365 - Created TrafficLight(id=51)
2024-06-28 23:51:19.542 | INFO     | carla_bridge.core.actor_factory:_create_object:365 - Created TrafficLight(id=50)
2024-06-28 23:51:19.554 | INFO     | carla_bridge.core.actor_factory:_create_object:365 - Created TrafficLight(id=49)
2024-06-28 23:51:19.560 | INFO     | carla_bridge.core.actor_factory:_create_object:365 - Created TrafficLight(id=48)
2024-06-28 23:51:19.576 | INFO     | carla_bridge.core.actor_factory:_create_object:365 - Created TrafficLight(id=47)
2024-06-28 23:51:19.581 | INFO     | carla_bridge.core.actor_factory:_create_object:365 - Created TrafficLight(id=46)
2024-06-28 23:51:19.597 | INFO     | carla_bridge.core.actor_factory:_create_object:365 - Created TrafficLight(id=45)
2024-06-28 23:51:19.602 | INFO     | carla_bridge.core.actor_factory:_create_object:365 - Created TrafficLight(id=44)
2024-06-28 23:51:19.620 | INFO     | carla_bridge.core.actor_factory:_create_object:365 - Created TrafficLight(id=43)
2024-06-28 23:51:19.641 | INFO     | carla_bridge.core.actor_factory:_create_object:365 - Created TrafficLight(id=42)
2024-06-28 23:51:19.646 | INFO     | carla_bridge.core.actor_factory:_create_object:365 - Created TrafficLight(id=41)
2024-06-28 23:51:19.652 | INFO     | carla_bridge.core.actor_factory:_create_object:365 - Created TrafficLight(id=40)
2024-06-28 23:51:19.652 | INFO     | carla_bridge.core.actor_factory:_create_object:365 - Created TrafficLight(id=39)
2024-06-28 23:51:19.657 | INFO     | carla_bridge.core.actor_factory:_create_object:365 - Created TrafficLight(id=38)
2024-06-28 23:51:19.675 | INFO     | carla_bridge.core.actor_factory:_create_object:365 - Created TrafficLight(id=37)
2024-06-28 23:51:19.680 | INFO     | carla_bridge.core.actor_factory:_create_object:365 - Created TrafficLight(id=36)
2024-06-28 23:51:19.700 | INFO     | carla_bridge.core.actor_factory:_create_object:365 - Created TrafficLight(id=35)
2024-06-28 23:51:19.716 | INFO     | carla_bridge.core.actor_factory:_create_object:365 - Created TrafficLight(id=34)
2024-06-28 23:51:19.733 | INFO     | carla_bridge.core.actor_factory:_create_object:365 - Created TrafficLight(id=33)
2024-06-28 23:51:19.739 | INFO     | carla_bridge.core.actor_factory:_create_object:365 - Created TrafficLight(id=32)
2024-06-28 23:51:19.749 | INFO     | carla_bridge.core.actor_factory:_create_object:365 - Created TrafficLight(id=31)
2024-06-28 23:51:19.750 | INFO     | carla_bridge.core.actor_factory:_create_object:365 - Created TrafficLight(id=30)
2024-06-28 23:51:19.750 | INFO     | carla_bridge.core.actor_factory:_create_object:365 - Created TrafficLight(id=29)
2024-06-28 23:51:19.750 | INFO     | carla_bridge.core.actor_factory:_create_object:365 - Created TrafficLight(id=28)
2024-06-28 23:51:19.751 | INFO     | carla_bridge.core.actor_factory:_create_object:365 - Created TrafficLight(id=27)
2024-06-28 23:51:19.763 | INFO     | carla_bridge.core.actor_factory:_create_object:365 - Created TrafficLight(id=26)
2024-06-28 23:51:19.769 | INFO     | carla_bridge.core.actor_factory:_create_object:365 - Created TrafficLight(id=25)
2024-06-28 23:51:19.779 | INFO     | carla_bridge.core.actor_factory:_create_object:365 - Created Spectator(id=24)
2024-06-28 23:51:19.797 | INFO     | carla_bridge.core.actor_factory:_create_object:365 - Created TrafficLightsSensor(id=10000)
2024-06-28 23:51:19.822 | INFO     | carla_bridge.core.actor_factory:_create_object:365 - Created EgoVehicle(id=197)
2024-06-28 23:51:19.823 | DEBUG    | carla_bridge.core.carla_spawn_objects:setup_sensors:144 - sensor: {'type': 'sensor.camera.rgb', 'id': 'front_6mm', 'spawn_point': {'x': 2.0, 'y': 0.0, 'z': 2.0, 'roll': 0.0, 'pitch': 0.0, 'yaw': 0.0}, 'image_size_x': 800, 'image_size_y': 600, 'fov': 90.0, 'fstop': 8.0}, attach: 197
2024-06-28 23:51:19.830 | DEBUG    | carla_bridge.core.carla_spawn_objects:setup_sensors:144 - sensor: {'type': 'sensor.camera.rgb', 'id': 'front_12mm', 'spawn_point': {'x': 2.5, 'y': 0.0, 'z': 2.8, 'roll': 0.0, 'pitch': 0.0, 'yaw': 0.0}, 'image_size_x': 800, 'image_size_y': 600, 'focal_distance': 2000, 'fov': 90.0, 'fstop': 8.0}, attach: 197
2024-06-28 23:51:19.838 | DEBUG    | carla_bridge.core.carla_spawn_objects:setup_sensors:144 - sensor: {'type': 'sensor.lidar.ray_cast', 'id': 'lidar128', 'spawn_point': {'x': 0.0, 'y': 0.0, 'z': 2.4, 'roll': 0.0, 'pitch': 0.0, 'yaw': 0.0}, 'range': 50, 'channels': 128, 'points_per_second': 320000, 'upper_fov': 2.0, 'lower_fov': -26.8, 'rotation_frequency': 20, 'noise_stddev': 0.0}, attach: 197
2024-06-28 23:51:19.839 | DEBUG    | carla_bridge.core.carla_spawn_objects:setup_sensors:144 - sensor: {'type': 'sensor.other.radar', 'id': 'radar/front', 'spawn_point': {'x': 2.0, 'y': 0.0, 'z': 2.0, 'roll': 0.0, 'pitch': 0.0, 'yaw': 0.0}, 'horizontal_fov': 30.0, 'vertical_fov': 10.0, 'points_per_second': 1500, 'range': 100.0}, attach: 197
2024-06-28 23:51:19.840 | DEBUG    | carla_bridge.core.carla_spawn_objects:setup_sensors:144 - sensor: {'type': 'sensor.other.gnss', 'id': 'gnss', 'spawn_point': {'x': 1.0, 'y': 0.0, 'z': 2.0}, 'noise_alt_stddev': 0.0, 'noise_lat_stddev': 0.0, 'noise_lon_stddev': 0.0, 'noise_alt_bias': 0.0, 'noise_lat_bias': 0.0, 'noise_lon_bias': 0.0}, attach: 197
2024-06-28 23:51:19.840 | DEBUG    | carla_bridge.core.carla_spawn_objects:setup_sensors:144 - sensor: {'type': 'sensor.other.imu', 'id': 'gnss/imu', 'spawn_point': {'x': 2.0, 'y': 0.0, 'z': 2.0, 'roll': 0.0, 'pitch': 0.0, 'yaw': 0.0}, 'noise_accel_stddev_x': 0.0, 'noise_accel_stddev_y': 0.0, 'noise_accel_stddev_z': 0.0, 'noise_gyro_stddev_x': 0.0, 'noise_gyro_stddev_y': 0.0, 'noise_gyro_stddev_z': 0.0, 'noise_gyro_bias_x': 0.0, 'noise_gyro_bias_y': 0.0, 'noise_gyro_bias_z': 0.0}, attach: 197
2024-06-28 23:51:19.841 | DEBUG    | carla_bridge.core.carla_spawn_objects:setup_sensors:144 - sensor: {'type': 'sensor.pseudo.objects', 'id': 'obstacles'}, attach: 197
2024-06-28 23:51:19.841 | INFO     | carla_bridge.core.carla_spawn_objects:spawn_objects:88 - All objects spawned.
2024-06-28 23:51:19.857 | INFO     | carla_bridge.core.actor_factory:_create_object:365 - Created RgbCamera(id=198)
2024-06-28 23:51:19.858 | INFO     | carla_bridge.core.actor_factory:_create_object:365 - Created RgbCamera(id=199)
2024-06-28 23:51:19.863 | INFO     | carla_bridge.core.actor_factory:_create_object:365 - Created Lidar(id=200)
2024-06-28 23:51:19.864 | INFO     | carla_bridge.core.actor_factory:_create_object:365 - Created Radar(id=201)
2024-06-28 23:51:19.866 | INFO     | carla_bridge.core.actor_factory:_create_object:365 - Created Gnss(id=202)
2024-06-28 23:51:19.867 | INFO     | carla_bridge.core.actor_factory:_create_object:365 - Created ImuSensor(id=203)
2024-06-28 23:51:19.868 | INFO     | carla_bridge.core.actor_factory:_create_object:365 - Created ObjectSensor(id=10001)
2024-06-28 23:52:59.464 | WARNING  | __main__:main:215 - Shutting down.
2024-06-28 23:52:59.465 | INFO     | __main__:destroy:158 - Shutting down...
2024-06-28 23:52:59.534 | INFO     | __main__:destroy:164 - Object update finished.
2024-06-28 23:52:59.535 | INFO     | carla_bridge.core.actor_factory:_destroy_object:261 - Removed TrafficLightsSensor(id=10000)
2024-06-28 23:52:59.549 | INFO     | carla_bridge.core.actor_factory:_destroy_object:261 - Removed EgoVehicle(id=197)
2024-06-28 23:52:59.567 | INFO     | carla_bridge.core.actor_factory:_destroy_object:261 - Removed RgbCamera(id=198)
2024-06-28 23:52:59.583 | INFO     | carla_bridge.core.actor_factory:_destroy_object:261 - Removed RgbCamera(id=199)
2024-06-28 23:52:59.589 | INFO     | carla_bridge.core.actor_factory:_destroy_object:261 - Removed Lidar(id=200)
2024-06-28 23:52:59.593 | INFO     | carla_bridge.core.actor_factory:_destroy_object:261 - Removed Radar(id=201)
2024-06-28 23:52:59.596 | INFO     | carla_bridge.core.actor_factory:_destroy_object:261 - Removed Gnss(id=202)
2024-06-28 23:52:59.599 | INFO     | carla_bridge.core.actor_factory:_destroy_object:261 - Removed ImuSensor(id=203)
2024-06-28 23:52:59.599 | INFO     | carla_bridge.core.actor_factory:_destroy_object:261 - Removed ObjectSensor(id=10001)
2024-06-29 00:05:45.747 | INFO     | __main__:main:187 - Trying to connect to 172.17.0.1:2000
2024-06-29 00:05:47.315 | INFO     | __main__:main:199 - Connect to 172.17.0.1:2000 successfully.
2024-06-29 00:05:47.840 | DEBUG    | carla_bridge.core.carla_spawn_objects:setup_sensors:144 - sensor: {'type': 'sensor.pseudo.traffic_lights', 'id': 'traffic_lights'}, attach: None
2024-06-29 00:05:47.841 | INFO     | carla_bridge.core.carla_spawn_objects:setup_vehicles:118 - Spawn point selected at random
2024-06-29 00:05:47.851 | INFO     | carla_bridge.core.actor_factory:_create_object:365 - Created Static(id=196)
2024-06-29 00:05:47.857 | INFO     | carla_bridge.core.actor_factory:_create_object:365 - Created Static(id=195)
2024-06-29 00:05:47.857 | INFO     | carla_bridge.core.actor_factory:_create_object:365 - Created Static(id=194)
2024-06-29 00:05:47.873 | INFO     | carla_bridge.core.actor_factory:_create_object:365 - Created Static(id=193)
2024-06-29 00:05:47.886 | INFO     | carla_bridge.core.actor_factory:_create_object:365 - Created Static(id=192)
2024-06-29 00:05:47.886 | INFO     | carla_bridge.core.actor_factory:_create_object:365 - Created Static(id=191)
2024-06-29 00:05:47.891 | INFO     | carla_bridge.core.actor_factory:_create_object:365 - Created Static(id=190)
2024-06-29 00:05:47.892 | INFO     | carla_bridge.core.actor_factory:_create_object:365 - Created Static(id=189)
2024-06-29 00:05:47.918 | INFO     | carla_bridge.core.actor_factory:_create_object:365 - Created Static(id=188)
2024-06-29 00:05:47.923 | INFO     | carla_bridge.core.actor_factory:_create_object:365 - Created Static(id=187)
2024-06-29 00:05:47.929 | INFO     | carla_bridge.core.actor_factory:_create_object:365 - Created Static(id=186)
2024-06-29 00:05:47.947 | INFO     | carla_bridge.core.actor_factory:_create_object:365 - Created Static(id=185)
2024-06-29 00:05:47.947 | INFO     | carla_bridge.core.actor_factory:_create_object:365 - Created Static(id=184)
2024-06-29 00:05:47.947 | INFO     | carla_bridge.core.actor_factory:_create_object:365 - Created Static(id=183)
2024-06-29 00:05:47.963 | INFO     | carla_bridge.core.actor_factory:_create_object:365 - Created Static(id=182)
2024-06-29 00:05:47.984 | INFO     | carla_bridge.core.actor_factory:_create_object:365 - Created Static(id=181)
2024-06-29 00:05:47.984 | INFO     | carla_bridge.core.actor_factory:_create_object:365 - Created Static(id=180)
2024-06-29 00:05:47.984 | INFO     | carla_bridge.core.actor_factory:_create_object:365 - Created Static(id=179)
2024-06-29 00:05:47.985 | INFO     | carla_bridge.core.actor_factory:_create_object:365 - Created Static(id=178)
2024-06-29 00:05:47.996 | INFO     | carla_bridge.core.actor_factory:_create_object:365 - Created Static(id=177)
2024-06-29 00:05:48.008 | INFO     | carla_bridge.core.actor_factory:_create_object:365 - Created Static(id=176)
2024-06-29 00:05:48.024 | INFO     | carla_bridge.core.actor_factory:_create_object:365 - Created Static(id=175)
2024-06-29 00:05:48.024 | INFO     | carla_bridge.core.actor_factory:_create_object:365 - Created Static(id=174)
2024-06-29 00:05:48.055 | INFO     | carla_bridge.core.actor_factory:_create_object:365 - Created Static(id=173)
2024-06-29 00:05:48.078 | INFO     | carla_bridge.core.actor_factory:_create_object:365 - Created Static(id=172)
2024-06-29 00:05:48.083 | INFO     | carla_bridge.core.actor_factory:_create_object:365 - Created Static(id=171)
2024-06-29 00:05:48.084 | INFO     | carla_bridge.core.actor_factory:_create_object:365 - Created Static(id=170)
2024-06-29 00:05:48.103 | INFO     | carla_bridge.core.actor_factory:_create_object:365 - Created Static(id=169)
2024-06-29 00:05:48.103 | INFO     | carla_bridge.core.actor_factory:_create_object:365 - Created Static(id=168)
2024-06-29 00:05:48.129 | INFO     | carla_bridge.core.actor_factory:_create_object:365 - Created Static(id=167)
2024-06-29 00:05:48.129 | INFO     | carla_bridge.core.actor_factory:_create_object:365 - Created Static(id=166)
2024-06-29 00:05:48.135 | INFO     | carla_bridge.core.actor_factory:_create_object:365 - Created Static(id=165)
2024-06-29 00:05:48.140 | INFO     | carla_bridge.core.actor_factory:_create_object:365 - Created Static(id=164)
2024-06-29 00:05:48.151 | INFO     | carla_bridge.core.actor_factory:_create_object:365 - Created Static(id=163)
2024-06-29 00:05:48.163 | INFO     | carla_bridge.core.actor_factory:_create_object:365 - Created Static(id=162)
2024-06-29 00:05:48.168 | INFO     | carla_bridge.core.actor_factory:_create_object:365 - Created Static(id=161)
2024-06-29 00:05:48.184 | INFO     | carla_bridge.core.actor_factory:_create_object:365 - Created Static(id=160)
2024-06-29 00:05:48.190 | INFO     | carla_bridge.core.actor_factory:_create_object:365 - Created Static(id=159)
2024-06-29 00:05:48.211 | INFO     | carla_bridge.core.actor_factory:_create_object:365 - Created Static(id=158)
2024-06-29 00:05:48.221 | INFO     | carla_bridge.core.actor_factory:_create_object:365 - Created Static(id=157)
2024-06-29 00:05:48.237 | INFO     | carla_bridge.core.actor_factory:_create_object:365 - Created Static(id=156)
2024-06-29 00:05:48.237 | INFO     | carla_bridge.core.actor_factory:_create_object:365 - Created Static(id=155)
2024-06-29 00:05:48.255 | INFO     | carla_bridge.core.actor_factory:_create_object:365 - Created Static(id=154)
2024-06-29 00:05:48.255 | INFO     | carla_bridge.core.actor_factory:_create_object:365 - Created Static(id=153)
2024-06-29 00:05:48.291 | INFO     | carla_bridge.core.actor_factory:_create_object:365 - Created Static(id=152)
2024-06-29 00:05:48.292 | INFO     | carla_bridge.core.actor_factory:_create_object:365 - Created Static(id=151)
2024-06-29 00:05:48.302 | INFO     | carla_bridge.core.actor_factory:_create_object:365 - Created Static(id=150)
2024-06-29 00:05:48.303 | INFO     | carla_bridge.core.actor_factory:_create_object:365 - Created Static(id=149)
2024-06-29 00:05:48.303 | INFO     | carla_bridge.core.actor_factory:_create_object:365 - Created Static(id=148)
2024-06-29 00:05:48.319 | INFO     | carla_bridge.core.actor_factory:_create_object:365 - Created Static(id=147)
2024-06-29 00:05:48.319 | INFO     | carla_bridge.core.actor_factory:_create_object:365 - Created Static(id=146)
2024-06-29 00:05:48.325 | INFO     | carla_bridge.core.actor_factory:_create_object:365 - Created Static(id=145)
2024-06-29 00:05:48.336 | INFO     | carla_bridge.core.actor_factory:_create_object:365 - Created Static(id=144)
2024-06-29 00:05:48.336 | INFO     | carla_bridge.core.actor_factory:_create_object:365 - Created Static(id=143)
2024-06-29 00:05:48.346 | INFO     | carla_bridge.core.actor_factory:_create_object:365 - Created Static(id=142)
2024-06-29 00:05:48.352 | INFO     | carla_bridge.core.actor_factory:_create_object:365 - Created Static(id=141)
2024-06-29 00:05:48.362 | INFO     | carla_bridge.core.actor_factory:_create_object:365 - Created Static(id=140)
2024-06-29 00:05:48.368 | INFO     | carla_bridge.core.actor_factory:_create_object:365 - Created Static(id=139)
2024-06-29 00:05:48.379 | INFO     | carla_bridge.core.actor_factory:_create_object:365 - Created Static(id=138)
2024-06-29 00:05:48.379 | INFO     | carla_bridge.core.actor_factory:_create_object:365 - Created Static(id=137)
2024-06-29 00:05:48.379 | INFO     | carla_bridge.core.actor_factory:_create_object:365 - Created Static(id=136)
2024-06-29 00:05:48.390 | INFO     | carla_bridge.core.actor_factory:_create_object:365 - Created Static(id=135)
2024-06-29 00:05:48.396 | INFO     | carla_bridge.core.actor_factory:_create_object:365 - Created Static(id=134)
2024-06-29 00:05:48.401 | INFO     | carla_bridge.core.actor_factory:_create_object:365 - Created Static(id=133)
2024-06-29 00:05:48.407 | INFO     | carla_bridge.core.actor_factory:_create_object:365 - Created Static(id=132)
2024-06-29 00:05:48.428 | INFO     | carla_bridge.core.actor_factory:_create_object:365 - Created Static(id=131)
2024-06-29 00:05:48.446 | INFO     | carla_bridge.core.actor_factory:_create_object:365 - Created Static(id=130)
2024-06-29 00:05:48.446 | INFO     | carla_bridge.core.actor_factory:_create_object:365 - Created Static(id=129)
2024-06-29 00:05:48.452 | INFO     | carla_bridge.core.actor_factory:_create_object:365 - Created Static(id=128)
2024-06-29 00:05:48.452 | INFO     | carla_bridge.core.actor_factory:_create_object:365 - Created Static(id=127)
2024-06-29 00:05:48.457 | INFO     | carla_bridge.core.actor_factory:_create_object:365 - Created Static(id=126)
2024-06-29 00:05:48.463 | INFO     | carla_bridge.core.actor_factory:_create_object:365 - Created Static(id=125)
2024-06-29 00:05:48.468 | INFO     | carla_bridge.core.actor_factory:_create_object:365 - Created Static(id=124)
2024-06-29 00:05:48.474 | INFO     | carla_bridge.core.actor_factory:_create_object:365 - Created Static(id=123)
2024-06-29 00:05:48.474 | INFO     | carla_bridge.core.actor_factory:_create_object:365 - Created Static(id=122)
2024-06-29 00:05:48.485 | INFO     | carla_bridge.core.actor_factory:_create_object:365 - Created Static(id=121)
2024-06-29 00:05:48.490 | INFO     | carla_bridge.core.actor_factory:_create_object:365 - Created Static(id=120)
2024-06-29 00:05:48.496 | INFO     | carla_bridge.core.actor_factory:_create_object:365 - Created Static(id=119)
2024-06-29 00:05:48.506 | INFO     | carla_bridge.core.actor_factory:_create_object:365 - Created Static(id=118)
2024-06-29 00:05:48.517 | INFO     | carla_bridge.core.actor_factory:_create_object:365 - Created Static(id=117)
2024-06-29 00:05:48.518 | INFO     | carla_bridge.core.actor_factory:_create_object:365 - Created Static(id=116)
2024-06-29 00:05:48.523 | INFO     | carla_bridge.core.actor_factory:_create_object:365 - Created Static(id=115)
2024-06-29 00:05:48.523 | INFO     | carla_bridge.core.actor_factory:_create_object:365 - Created Static(id=114)
2024-06-29 00:05:48.534 | INFO     | carla_bridge.core.actor_factory:_create_object:365 - Created Static(id=113)
2024-06-29 00:05:48.550 | INFO     | carla_bridge.core.actor_factory:_create_object:365 - Created Static(id=112)
2024-06-29 00:05:48.561 | INFO     | carla_bridge.core.actor_factory:_create_object:365 - Created Static(id=111)
2024-06-29 00:05:48.561 | INFO     | carla_bridge.core.actor_factory:_create_object:365 - Created Static(id=110)
2024-06-29 00:05:48.581 | INFO     | carla_bridge.core.actor_factory:_create_object:365 - Created Static(id=109)
2024-06-29 00:05:48.587 | INFO     | carla_bridge.core.actor_factory:_create_object:365 - Created Static(id=108)
2024-06-29 00:05:48.612 | INFO     | carla_bridge.core.actor_factory:_create_object:365 - Created Static(id=107)
2024-06-29 00:05:48.622 | INFO     | carla_bridge.core.actor_factory:_create_object:365 - Created Static(id=106)
2024-06-29 00:05:48.635 | INFO     | carla_bridge.core.actor_factory:_create_object:365 - Created Static(id=105)
2024-06-29 00:05:48.636 | INFO     | carla_bridge.core.actor_factory:_create_object:365 - Created Static(id=104)
2024-06-29 00:05:48.641 | INFO     | carla_bridge.core.actor_factory:_create_object:365 - Created Static(id=103)
2024-06-29 00:05:48.647 | INFO     | carla_bridge.core.actor_factory:_create_object:365 - Created Static(id=102)
2024-06-29 00:05:48.665 | INFO     | carla_bridge.core.actor_factory:_create_object:365 - Created Static(id=101)
2024-06-29 00:05:48.670 | INFO     | carla_bridge.core.actor_factory:_create_object:365 - Created Static(id=100)
2024-06-29 00:05:48.693 | INFO     | carla_bridge.core.actor_factory:_create_object:365 - Created Static(id=99)
2024-06-29 00:05:48.694 | INFO     | carla_bridge.core.actor_factory:_create_object:365 - Created Static(id=98)
2024-06-29 00:05:48.704 | INFO     | carla_bridge.core.actor_factory:_create_object:365 - Created Static(id=97)
2024-06-29 00:05:48.705 | INFO     | carla_bridge.core.actor_factory:_create_object:365 - Created Static(id=96)
2024-06-29 00:05:48.726 | INFO     | carla_bridge.core.actor_factory:_create_object:365 - Created Static(id=95)
2024-06-29 00:05:48.726 | INFO     | carla_bridge.core.actor_factory:_create_object:365 - Created Static(id=94)
2024-06-29 00:05:48.742 | INFO     | carla_bridge.core.actor_factory:_create_object:365 - Created Static(id=93)
2024-06-29 00:05:48.747 | INFO     | carla_bridge.core.actor_factory:_create_object:365 - Created Static(id=92)
2024-06-29 00:05:48.753 | INFO     | carla_bridge.core.actor_factory:_create_object:365 - Created Static(id=91)
2024-06-29 00:05:48.759 | INFO     | carla_bridge.core.actor_factory:_create_object:365 - Created Static(id=90)
2024-06-29 00:05:48.775 | INFO     | carla_bridge.core.actor_factory:_create_object:365 - Created Static(id=89)
2024-06-29 00:05:48.785 | INFO     | carla_bridge.core.actor_factory:_create_object:365 - Created Static(id=88)
2024-06-29 00:05:48.786 | INFO     | carla_bridge.core.actor_factory:_create_object:365 - Created Static(id=87)
2024-06-29 00:05:48.791 | INFO     | carla_bridge.core.actor_factory:_create_object:365 - Created Static(id=86)
2024-06-29 00:05:48.809 | INFO     | carla_bridge.core.actor_factory:_create_object:365 - Created Static(id=85)
2024-06-29 00:05:48.809 | INFO     | carla_bridge.core.actor_factory:_create_object:365 - Created Static(id=84)
2024-06-29 00:05:48.815 | INFO     | carla_bridge.core.actor_factory:_create_object:365 - Created Static(id=83)
2024-06-29 00:05:48.815 | INFO     | carla_bridge.core.actor_factory:_create_object:365 - Created Static(id=82)
2024-06-29 00:05:48.838 | INFO     | carla_bridge.core.actor_factory:_create_object:365 - Created Traffic(id=81)
2024-06-29 00:05:48.843 | INFO     | carla_bridge.core.actor_factory:_create_object:365 - Created Traffic(id=80)
2024-06-29 00:05:48.856 | INFO     | carla_bridge.core.actor_factory:_create_object:365 - Created Traffic(id=79)
2024-06-29 00:05:48.861 | INFO     | carla_bridge.core.actor_factory:_create_object:365 - Created Traffic(id=78)
2024-06-29 00:05:48.880 | INFO     | carla_bridge.core.actor_factory:_create_object:365 - Created Traffic(id=77)
2024-06-29 00:05:48.881 | INFO     | carla_bridge.core.actor_factory:_create_object:365 - Created Traffic(id=76)
2024-06-29 00:05:48.893 | INFO     | carla_bridge.core.actor_factory:_create_object:365 - Created Traffic(id=75)
2024-06-29 00:05:48.899 | INFO     | carla_bridge.core.actor_factory:_create_object:365 - Created Traffic(id=74)
2024-06-29 00:05:48.919 | INFO     | carla_bridge.core.actor_factory:_create_object:365 - Created Traffic(id=73)
2024-06-29 00:05:48.930 | INFO     | carla_bridge.core.actor_factory:_create_object:365 - Created Traffic(id=72)
2024-06-29 00:05:48.951 | INFO     | carla_bridge.core.actor_factory:_create_object:365 - Created Traffic(id=71)
2024-06-29 00:05:48.957 | INFO     | carla_bridge.core.actor_factory:_create_object:365 - Created Traffic(id=70)
2024-06-29 00:05:48.968 | INFO     | carla_bridge.core.actor_factory:_create_object:365 - Created Traffic(id=69)
2024-06-29 00:05:48.968 | INFO     | carla_bridge.core.actor_factory:_create_object:365 - Created Traffic(id=68)
2024-06-29 00:05:48.974 | INFO     | carla_bridge.core.actor_factory:_create_object:365 - Created Traffic(id=67)
2024-06-29 00:05:48.979 | INFO     | carla_bridge.core.actor_factory:_create_object:365 - Created Traffic(id=66)
2024-06-29 00:05:48.985 | INFO     | carla_bridge.core.actor_factory:_create_object:365 - Created Traffic(id=65)
2024-06-29 00:05:48.985 | INFO     | carla_bridge.core.actor_factory:_create_object:365 - Created Traffic(id=64)
2024-06-29 00:05:49.006 | INFO     | carla_bridge.core.actor_factory:_create_object:365 - Created Traffic(id=63)
2024-06-29 00:05:49.016 | INFO     | carla_bridge.core.actor_factory:_create_object:365 - Created Traffic(id=62)
2024-06-29 00:05:49.017 | INFO     | carla_bridge.core.actor_factory:_create_object:365 - Created Traffic(id=61)
2024-06-29 00:05:49.022 | INFO     | carla_bridge.core.actor_factory:_create_object:365 - Created TrafficLight(id=60)
2024-06-29 00:05:49.023 | INFO     | carla_bridge.core.actor_factory:_create_object:365 - Created TrafficLight(id=59)
2024-06-29 00:05:49.033 | INFO     | carla_bridge.core.actor_factory:_create_object:365 - Created TrafficLight(id=58)
2024-06-29 00:05:49.034 | INFO     | carla_bridge.core.actor_factory:_create_object:365 - Created TrafficLight(id=57)
2024-06-29 00:05:49.050 | INFO     | carla_bridge.core.actor_factory:_create_object:365 - Created TrafficLight(id=56)
2024-06-29 00:05:49.060 | INFO     | carla_bridge.core.actor_factory:_create_object:365 - Created TrafficLight(id=55)
2024-06-29 00:05:49.066 | INFO     | carla_bridge.core.actor_factory:_create_object:365 - Created TrafficLight(id=54)
2024-06-29 00:05:49.066 | INFO     | carla_bridge.core.actor_factory:_create_object:365 - Created TrafficLight(id=53)
2024-06-29 00:05:49.084 | INFO     | carla_bridge.core.actor_factory:_create_object:365 - Created TrafficLight(id=52)
2024-06-29 00:05:49.094 | INFO     | carla_bridge.core.actor_factory:_create_object:365 - Created TrafficLight(id=51)
2024-06-29 00:05:49.100 | INFO     | carla_bridge.core.actor_factory:_create_object:365 - Created TrafficLight(id=50)
2024-06-29 00:05:49.105 | INFO     | carla_bridge.core.actor_factory:_create_object:365 - Created TrafficLight(id=49)
2024-06-29 00:05:49.116 | INFO     | carla_bridge.core.actor_factory:_create_object:365 - Created TrafficLight(id=48)
2024-06-29 00:05:49.117 | INFO     | carla_bridge.core.actor_factory:_create_object:365 - Created TrafficLight(id=47)
2024-06-29 00:05:49.117 | INFO     | carla_bridge.core.actor_factory:_create_object:365 - Created TrafficLight(id=46)
2024-06-29 00:05:49.122 | INFO     | carla_bridge.core.actor_factory:_create_object:365 - Created TrafficLight(id=45)
2024-06-29 00:05:49.128 | INFO     | carla_bridge.core.actor_factory:_create_object:365 - Created TrafficLight(id=44)
2024-06-29 00:05:49.133 | INFO     | carla_bridge.core.actor_factory:_create_object:365 - Created TrafficLight(id=43)
2024-06-29 00:05:49.139 | INFO     | carla_bridge.core.actor_factory:_create_object:365 - Created TrafficLight(id=42)
2024-06-29 00:05:49.144 | INFO     | carla_bridge.core.actor_factory:_create_object:365 - Created TrafficLight(id=41)
2024-06-29 00:05:49.155 | INFO     | carla_bridge.core.actor_factory:_create_object:365 - Created TrafficLight(id=40)
2024-06-29 00:05:49.166 | INFO     | carla_bridge.core.actor_factory:_create_object:365 - Created TrafficLight(id=39)
2024-06-29 00:05:49.172 | INFO     | carla_bridge.core.actor_factory:_create_object:365 - Created TrafficLight(id=38)
2024-06-29 00:05:49.173 | INFO     | carla_bridge.core.actor_factory:_create_object:365 - Created TrafficLight(id=37)
2024-06-29 00:05:49.174 | INFO     | carla_bridge.core.actor_factory:_create_object:365 - Created TrafficLight(id=36)
2024-06-29 00:05:49.190 | INFO     | carla_bridge.core.actor_factory:_create_object:365 - Created TrafficLight(id=35)
2024-06-29 00:05:49.195 | INFO     | carla_bridge.core.actor_factory:_create_object:365 - Created TrafficLight(id=34)
2024-06-29 00:05:49.206 | INFO     | carla_bridge.core.actor_factory:_create_object:365 - Created TrafficLight(id=33)
2024-06-29 00:05:49.218 | INFO     | carla_bridge.core.actor_factory:_create_object:365 - Created TrafficLight(id=32)
2024-06-29 00:05:49.219 | INFO     | carla_bridge.core.actor_factory:_create_object:365 - Created TrafficLight(id=31)
2024-06-29 00:05:49.247 | INFO     | carla_bridge.core.actor_factory:_create_object:365 - Created TrafficLight(id=30)
2024-06-29 00:05:49.252 | INFO     | carla_bridge.core.actor_factory:_create_object:365 - Created TrafficLight(id=29)
2024-06-29 00:05:49.263 | INFO     | carla_bridge.core.actor_factory:_create_object:365 - Created TrafficLight(id=28)
2024-06-29 00:05:49.269 | INFO     | carla_bridge.core.actor_factory:_create_object:365 - Created TrafficLight(id=27)
2024-06-29 00:05:49.279 | INFO     | carla_bridge.core.actor_factory:_create_object:365 - Created TrafficLight(id=26)
2024-06-29 00:05:49.285 | INFO     | carla_bridge.core.actor_factory:_create_object:365 - Created TrafficLight(id=25)
2024-06-29 00:05:49.318 | INFO     | carla_bridge.core.actor_factory:_create_object:365 - Created Spectator(id=24)
2024-06-29 00:05:49.319 | INFO     | carla_bridge.core.actor_factory:_create_object:365 - Created TrafficLightsSensor(id=10000)
2024-06-29 00:05:49.337 | INFO     | carla_bridge.core.actor_factory:_create_object:365 - Created EgoVehicle(id=197)
2024-06-29 00:05:49.337 | DEBUG    | carla_bridge.core.carla_spawn_objects:setup_sensors:144 - sensor: {'type': 'sensor.camera.rgb', 'id': 'front_6mm', 'spawn_point': {'x': 2.0, 'y': 0.0, 'z': 2.0, 'roll': 0.0, 'pitch': 0.0, 'yaw': 0.0}, 'image_size_x': 800, 'image_size_y': 600, 'fov': 90.0, 'fstop': 8.0}, attach: 197
2024-06-29 00:05:49.342 | DEBUG    | carla_bridge.core.carla_spawn_objects:setup_sensors:144 - sensor: {'type': 'sensor.camera.rgb', 'id': 'front_12mm', 'spawn_point': {'x': 2.5, 'y': 0.0, 'z': 2.8, 'roll': 0.0, 'pitch': 0.0, 'yaw': 0.0}, 'image_size_x': 800, 'image_size_y': 600, 'focal_distance': 2000, 'fov': 90.0, 'fstop': 8.0}, attach: 197
2024-06-29 00:05:49.352 | DEBUG    | carla_bridge.core.carla_spawn_objects:setup_sensors:144 - sensor: {'type': 'sensor.lidar.ray_cast', 'id': 'lidar128', 'spawn_point': {'x': 0.0, 'y': 0.0, 'z': 2.4, 'roll': 0.0, 'pitch': 0.0, 'yaw': 0.0}, 'range': 50, 'channels': 128, 'points_per_second': 320000, 'upper_fov': 2.0, 'lower_fov': -26.8, 'rotation_frequency': 20, 'noise_stddev': 0.0}, attach: 197
2024-06-29 00:05:49.353 | DEBUG    | carla_bridge.core.carla_spawn_objects:setup_sensors:144 - sensor: {'type': 'sensor.other.radar', 'id': 'radar/front', 'spawn_point': {'x': 2.0, 'y': 0.0, 'z': 2.0, 'roll': 0.0, 'pitch': 0.0, 'yaw': 0.0}, 'horizontal_fov': 30.0, 'vertical_fov': 10.0, 'points_per_second': 1500, 'range': 100.0}, attach: 197
2024-06-29 00:05:49.354 | DEBUG    | carla_bridge.core.carla_spawn_objects:setup_sensors:144 - sensor: {'type': 'sensor.other.gnss', 'id': 'gnss', 'spawn_point': {'x': 1.0, 'y': 0.0, 'z': 2.0}, 'noise_alt_stddev': 0.0, 'noise_lat_stddev': 0.0, 'noise_lon_stddev': 0.0, 'noise_alt_bias': 0.0, 'noise_lat_bias': 0.0, 'noise_lon_bias': 0.0}, attach: 197
2024-06-29 00:05:49.354 | DEBUG    | carla_bridge.core.carla_spawn_objects:setup_sensors:144 - sensor: {'type': 'sensor.other.imu', 'id': 'gnss/imu', 'spawn_point': {'x': 2.0, 'y': 0.0, 'z': 2.0, 'roll': 0.0, 'pitch': 0.0, 'yaw': 0.0}, 'noise_accel_stddev_x': 0.0, 'noise_accel_stddev_y': 0.0, 'noise_accel_stddev_z': 0.0, 'noise_gyro_stddev_x': 0.0, 'noise_gyro_stddev_y': 0.0, 'noise_gyro_stddev_z': 0.0, 'noise_gyro_bias_x': 0.0, 'noise_gyro_bias_y': 0.0, 'noise_gyro_bias_z': 0.0}, attach: 197
2024-06-29 00:05:49.355 | DEBUG    | carla_bridge.core.carla_spawn_objects:setup_sensors:144 - sensor: {'type': 'sensor.pseudo.objects', 'id': 'obstacles'}, attach: 197
2024-06-29 00:05:49.355 | INFO     | carla_bridge.core.carla_spawn_objects:spawn_objects:88 - All objects spawned.
2024-06-29 00:05:49.369 | INFO     | carla_bridge.core.actor_factory:_create_object:365 - Created RgbCamera(id=198)
2024-06-29 00:05:49.372 | INFO     | carla_bridge.core.actor_factory:_create_object:365 - Created RgbCamera(id=199)
2024-06-29 00:05:49.373 | INFO     | carla_bridge.core.actor_factory:_create_object:365 - Created Lidar(id=200)
2024-06-29 00:05:49.374 | INFO     | carla_bridge.core.actor_factory:_create_object:365 - Created Radar(id=201)
2024-06-29 00:05:49.375 | INFO     | carla_bridge.core.actor_factory:_create_object:365 - Created Gnss(id=202)
2024-06-29 00:05:49.376 | INFO     | carla_bridge.core.actor_factory:_create_object:365 - Created ImuSensor(id=203)
2024-06-29 00:05:49.378 | INFO     | carla_bridge.core.actor_factory:_create_object:365 - Created ObjectSensor(id=10001)
2024-06-29 00:06:48.338 | WARNING  | __main__:main:215 - Shutting down.
2024-06-29 00:06:48.339 | INFO     | __main__:destroy:158 - Shutting down...
2024-06-29 00:06:48.356 | INFO     | __main__:destroy:164 - Object update finished.
2024-06-29 00:06:48.357 | INFO     | carla_bridge.core.actor_factory:_destroy_object:261 - Removed TrafficLightsSensor(id=10000)
2024-06-29 00:06:48.361 | INFO     | carla_bridge.core.actor_factory:_destroy_object:261 - Removed EgoVehicle(id=197)
2024-06-29 00:06:48.373 | INFO     | carla_bridge.core.actor_factory:_destroy_object:261 - Removed RgbCamera(id=198)
2024-06-29 00:06:48.384 | INFO     | carla_bridge.core.actor_factory:_destroy_object:261 - Removed RgbCamera(id=199)
2024-06-29 00:06:48.389 | INFO     | carla_bridge.core.actor_factory:_destroy_object:261 - Removed Lidar(id=200)
2024-06-29 00:06:48.392 | INFO     | carla_bridge.core.actor_factory:_destroy_object:261 - Removed Radar(id=201)
2024-06-29 00:06:48.398 | INFO     | carla_bridge.core.actor_factory:_destroy_object:261 - Removed Gnss(id=202)
2024-06-29 00:06:48.401 | INFO     | carla_bridge.core.actor_factory:_destroy_object:261 - Removed ImuSensor(id=203)
2024-06-29 00:06:48.402 | INFO     | carla_bridge.core.actor_factory:_destroy_object:261 - Removed ObjectSensor(id=10001)
